<?xml version="1.0" encoding="UTF-8"?>
<!-- Generated by org.testng.reporters.JUnitReportReporter -->
<testsuite hostname="Desktop-PR-27" failures="0" tests="1" name="org.runner.Run" time="19.562" errors="0" timestamp="2022-11-28T13:28:32 IST" skipped="0">
  <testcase classname="org.runner.Run" name="test2" time="19.562"/>
  <system-out/>
</testsuite> <!-- org.runner.Run -->
